<?xml version="1.0" encoding="UTF-8"?>
<testsuite name="edu.usc.cs.mach.backend.BackendApplicationTests" tests="1" skipped="0" failures="0" errors="0" timestamp="2023-08-29T09:05:40" hostname="ShixuandeMBP" time="0.079">
  <properties/>
  <testcase name="contextLoads()" classname="edu.usc.cs.mach.backend.BackendApplicationTests" time="0.079"/>
  <system-out><![CDATA[2023-08-29 02:05:38,758 [Test worker] INFO  o.s.b.t.c.SpringBootTestContextBootstrapper - Neither @ContextConfiguration nor @ContextHierarchy found for test class [edu.usc.cs.mach.backend.BackendApplicationTests], using SpringBootContextLoader
2023-08-29 02:05:38,762 [Test worker] INFO  o.s.t.c.s.AbstractContextLoader - Could not detect default resource locations for test class [edu.usc.cs.mach.backend.BackendApplicationTests]: no resource found for suffixes {-context.xml, Context.groovy}.
2023-08-29 02:05:38,762 [Test worker] INFO  o.s.t.c.s.AnnotationConfigContextLoaderUtils - Could not detect default configuration classes for test class [edu.usc.cs.mach.backend.BackendApplicationTests]: BackendApplicationTests does not declare any static, non-private, non-final, nested classes annotated with @Configuration.
2023-08-29 02:05:38,805 [Test worker] INFO  o.s.b.t.c.SpringBootTestContextBootstrapper - Found @SpringBootConfiguration edu.usc.cs.mach.backend.BackendApplication for test class edu.usc.cs.mach.backend.BackendApplicationTests
2023-08-29 02:05:38,842 [Test worker] INFO  o.s.b.t.c.SpringBootTestContextBootstrapper - Loaded default TestExecutionListener class names from location [META-INF/spring.factories]: [org.springframework.boot.test.autoconfigure.restdocs.RestDocsTestExecutionListener, org.springframework.boot.test.autoconfigure.web.client.MockRestServiceServerResetTestExecutionListener, org.springframework.boot.test.autoconfigure.web.servlet.MockMvcPrintOnlyOnFailureTestExecutionListener, org.springframework.boot.test.autoconfigure.web.servlet.WebDriverTestExecutionListener, org.springframework.boot.test.autoconfigure.webservices.client.MockWebServiceServerTestExecutionListener, org.springframework.boot.test.mock.mockito.MockitoTestExecutionListener, org.springframework.boot.test.mock.mockito.ResetMocksTestExecutionListener, org.springframework.test.context.web.ServletTestExecutionListener, org.springframework.test.context.support.DirtiesContextBeforeModesTestExecutionListener, org.springframework.test.context.event.ApplicationEventsTestExecutionListener, org.springframework.test.context.support.DependencyInjectionTestExecutionListener, org.springframework.test.context.support.DirtiesContextTestExecutionListener, org.springframework.test.context.transaction.TransactionalTestExecutionListener, org.springframework.test.context.jdbc.SqlScriptsTestExecutionListener, org.springframework.test.context.event.EventPublishingTestExecutionListener]
2023-08-29 02:05:38,850 [Test worker] INFO  o.s.b.t.c.SpringBootTestContextBootstrapper - Using TestExecutionListeners: [org.springframework.test.context.web.ServletTestExecutionListener@6b5176f2, org.springframework.test.context.support.DirtiesContextBeforeModesTestExecutionListener@b672aa8, org.springframework.test.context.event.ApplicationEventsTestExecutionListener@2fab4aff, org.springframework.boot.test.mock.mockito.MockitoTestExecutionListener@ec0c838, org.springframework.boot.test.autoconfigure.SpringBootDependencyInjectionTestExecutionListener@6e46d9f4, org.springframework.test.context.support.DirtiesContextTestExecutionListener@5cc69cfe, org.springframework.test.context.transaction.TransactionalTestExecutionListener@29cfd92b, org.springframework.test.context.jdbc.SqlScriptsTestExecutionListener@21c64522, org.springframework.test.context.event.EventPublishingTestExecutionListener@7997b197, org.springframework.boot.test.autoconfigure.restdocs.RestDocsTestExecutionListener@11dee337, org.springframework.boot.test.autoconfigure.web.client.MockRestServiceServerResetTestExecutionListener@460f76a6, org.springframework.boot.test.autoconfigure.web.servlet.MockMvcPrintOnlyOnFailureTestExecutionListener@55f3c410, org.springframework.boot.test.autoconfigure.web.servlet.WebDriverTestExecutionListener@11acdc30, org.springframework.boot.test.autoconfigure.webservices.client.MockWebServiceServerTestExecutionListener@770d4269, org.springframework.boot.test.mock.mockito.ResetMocksTestExecutionListener@4a8ab068]

  .   ____          _            __ _ _
 /\\ / ___'_ __ _ _(_)_ __  __ _ \ \ \ \
( ( )\___ | '_ | '_| | '_ \/ _` | \ \ \ \
 \\/  ___)| |_)| | | | | || (_| |  ) ) ) )
  '  |____| .__|_| |_|_| |_\__, | / / / /
 =========|_|==============|___/=/_/_/_/
 :: Spring Boot ::                (v2.7.0)

2023-08-29 02:05:38,981 [Test worker] INFO  e.u.c.m.b.BackendApplicationTests - Starting BackendApplicationTests using Java 19.0.2 on ShixuandeMBP with PID 9653 (started by shixuanzhao in /Users/shixuanzhao/Desktop/Machination_Project/MachSyncBackend-master/MachSyncBackend-master)
2023-08-29 02:05:38,982 [Test worker] INFO  e.u.c.m.b.BackendApplicationTests - No active profile set, falling back to 1 default profile: "default"
2023-08-29 02:05:39,238 [Test worker] INFO  o.s.d.r.c.RepositoryConfigurationDelegate - Bootstrapping Spring Data JPA repositories in DEFAULT mode.
2023-08-29 02:05:39,259 [Test worker] INFO  o.s.d.r.c.RepositoryConfigurationDelegate - Finished Spring Data repository scanning in 18 ms. Found 2 JPA repository interfaces.
2023-08-29 02:05:39,505 [Test worker] INFO  o.h.jpa.internal.util.LogHelper - HHH000204: Processing PersistenceUnitInfo [name: default]
2023-08-29 02:05:39,527 [Test worker] INFO  org.hibernate.Version - HHH000412: Hibernate ORM core version 5.6.9.Final
2023-08-29 02:05:39,596 [Test worker] INFO  o.h.annotations.common.Version - HCANN000001: Hibernate Commons Annotations {5.1.2.Final}
2023-08-29 02:05:39,633 [Test worker] INFO  com.zaxxer.hikari.HikariDataSource - HikariPool-1 - Starting...
2023-08-29 02:05:39,718 [Test worker] INFO  com.zaxxer.hikari.HikariDataSource - HikariPool-1 - Start completed.
2023-08-29 02:05:39,726 [Test worker] INFO  org.hibernate.dialect.Dialect - HHH000400: Using dialect: org.hibernate.dialect.H2Dialect
2023-08-29 02:05:39,969 [Test worker] INFO  o.h.e.t.j.p.i.JtaPlatformInitiator - HHH000490: Using JtaPlatform implementation: [org.hibernate.engine.transaction.jta.platform.internal.NoJtaPlatform]
2023-08-29 02:05:39,973 [Test worker] INFO  o.s.o.j.LocalContainerEntityManagerFactoryBean - Initialized JPA EntityManagerFactory for persistence unit 'default'
2023-08-29 02:05:40,224 [Test worker] WARN  o.s.b.a.o.j.JpaBaseConfiguration$JpaWebConfiguration - spring.jpa.open-in-view is enabled by default. Therefore, database queries may be performed during view rendering. Explicitly configure spring.jpa.open-in-view to disable this warning
2023-08-29 02:05:40,331 [Test worker] INFO  o.s.b.a.h.H2ConsoleAutoConfiguration - H2 console available at '/h2-console'. Database available at 'jdbc:h2:mem:machdb'
2023-08-29 02:05:40,335 [Test worker] INFO  o.s.b.a.w.s.WelcomePageHandlerMapping - Adding welcome page: class path resource [static/index.html]
2023-08-29 02:05:40,454 [Test worker] INFO  e.u.c.m.b.BackendApplicationTests - Started BackendApplicationTests in 1.588 seconds (JVM running for 2.125)
]]></system-out>
  <system-err><![CDATA[]]></system-err>
</testsuite>
